<?xml version="1.0" encoding="UTF-8"?>
<testng-results skipped="0" failed="1" total="16" passed="15">
  <reporter-output>
  </reporter-output>
  <suite name="Default suite" duration-ms="231" started-at="2014-05-12T14:59:30Z" finished-at="2014-05-12T14:59:30Z">
    <groups>
    </groups>
    <test name="Default test" duration-ms="231" started-at="2014-05-12T14:59:30Z" finished-at="2014-05-12T14:59:30Z">
      <class name="com.epam.training.PaymentMachine.PaymentMachineTest">
        <test-method status="PASS" signature="setup()[pri:0, instance:com.epam.training.PaymentMachine.PaymentMachineTest@6f79caec]" name="setup" is-config="true" duration-ms="20" started-at="2014-05-12T16:59:30Z" finished-at="2014-05-12T16:59:30Z">
          <reporter-output>
          </reporter-output>
        </test-method> <!-- setup -->
        <test-method status="PASS" signature="testAddCoin()[pri:0, instance:com.epam.training.PaymentMachine.PaymentMachineTest@6f79caec]" name="testAddCoin" duration-ms="14" started-at="2014-05-12T16:59:30Z" finished-at="2014-05-12T16:59:30Z">
          <reporter-output>
          </reporter-output>
        </test-method> <!-- testAddCoin -->
        <test-method status="PASS" signature="testCancelPayment()[pri:0, instance:com.epam.training.PaymentMachine.PaymentMachineTest@6f79caec]" name="testCancelPayment" duration-ms="1" started-at="2014-05-12T16:59:30Z" finished-at="2014-05-12T16:59:30Z">
          <reporter-output>
          </reporter-output>
        </test-method> <!-- testCancelPayment -->
        <test-method status="PASS" signature="setup()[pri:0, instance:com.epam.training.PaymentMachine.PaymentMachineTest@6f79caec]" name="setup" is-config="true" duration-ms="0" started-at="2014-05-12T16:59:30Z" finished-at="2014-05-12T16:59:30Z">
          <reporter-output>
          </reporter-output>
        </test-method> <!-- setup -->
        <test-method status="PASS" signature="setup()[pri:0, instance:com.epam.training.PaymentMachine.PaymentMachineTest@6f79caec]" name="setup" is-config="true" duration-ms="0" started-at="2014-05-12T16:59:30Z" finished-at="2014-05-12T16:59:30Z">
          <reporter-output>
          </reporter-output>
        </test-method> <!-- setup -->
        <test-method status="PASS" signature="testChangeAmount()[pri:0, instance:com.epam.training.PaymentMachine.PaymentMachineTest@6f79caec]" name="testChangeAmount" duration-ms="1" started-at="2014-05-12T16:59:30Z" finished-at="2014-05-12T16:59:30Z">
          <reporter-output>
          </reporter-output>
        </test-method> <!-- testChangeAmount -->
        <test-method status="PASS" signature="testChangedAmount()[pri:0, instance:com.epam.training.PaymentMachine.PaymentMachineTest@6f79caec]" name="testChangedAmount" duration-ms="1" started-at="2014-05-12T16:59:30Z" finished-at="2014-05-12T16:59:30Z">
          <reporter-output>
          </reporter-output>
        </test-method> <!-- testChangedAmount -->
        <test-method status="PASS" signature="setup()[pri:0, instance:com.epam.training.PaymentMachine.PaymentMachineTest@6f79caec]" name="setup" is-config="true" duration-ms="0" started-at="2014-05-12T16:59:30Z" finished-at="2014-05-12T16:59:30Z">
          <reporter-output>
          </reporter-output>
        </test-method> <!-- setup -->
        <test-method status="PASS" signature="testClosePayment()[pri:0, instance:com.epam.training.PaymentMachine.PaymentMachineTest@6f79caec]" name="testClosePayment" duration-ms="0" started-at="2014-05-12T16:59:30Z" finished-at="2014-05-12T16:59:30Z">
          <reporter-output>
          </reporter-output>
        </test-method> <!-- testClosePayment -->
        <test-method status="PASS" signature="setup()[pri:0, instance:com.epam.training.PaymentMachine.PaymentMachineTest@6f79caec]" name="setup" is-config="true" duration-ms="0" started-at="2014-05-12T16:59:30Z" finished-at="2014-05-12T16:59:30Z">
          <reporter-output>
          </reporter-output>
        </test-method> <!-- setup -->
        <test-method status="FAIL" signature="testExecutePayment()[pri:0, instance:com.epam.training.PaymentMachine.PaymentMachineTest@6f79caec]" name="testExecutePayment" duration-ms="4" started-at="2014-05-12T16:59:30Z" finished-at="2014-05-12T16:59:30Z">
          <exception class="java.lang.AssertionError">
            <message>
              <![CDATA[expected [23325] but found [23500]]]>
            </message>
            <full-stacktrace>
              <![CDATA[java.lang.AssertionError: expected [23325] but found [23500]
	at org.testng.Assert.fail(Assert.java:94)
	at org.testng.Assert.failNotEquals(Assert.java:494)
	at org.testng.Assert.assertEquals(Assert.java:123)
	at org.testng.Assert.assertEquals(Assert.java:265)
	at org.testng.Assert.assertEquals(Assert.java:275)
	at com.epam.training.PaymentMachine.PaymentMachineTest.testExecutePayment(PaymentMachineTest.java:193)
	at sun.reflect.NativeMethodAccessorImpl.invoke0(Native Method)
	at sun.reflect.NativeMethodAccessorImpl.invoke(NativeMethodAccessorImpl.java:62)
	at sun.reflect.DelegatingMethodAccessorImpl.invoke(DelegatingMethodAccessorImpl.java:43)
	at java.lang.reflect.Method.invoke(Method.java:483)
	at org.testng.internal.MethodInvocationHelper.invokeMethod(MethodInvocationHelper.java:84)
	at org.testng.internal.Invoker.invokeMethod(Invoker.java:714)
	at org.testng.internal.Invoker.invokeTestMethod(Invoker.java:901)
	at org.testng.internal.Invoker.invokeTestMethods(Invoker.java:1231)
	at org.testng.internal.TestMethodWorker.invokeTestMethods(TestMethodWorker.java:127)
	at org.testng.internal.TestMethodWorker.run(TestMethodWorker.java:111)
	at org.testng.TestRunner.privateRun(TestRunner.java:767)
	at org.testng.TestRunner.run(TestRunner.java:617)
	at org.testng.SuiteRunner.runTest(SuiteRunner.java:334)
	at org.testng.SuiteRunner.runSequentially(SuiteRunner.java:329)
	at org.testng.SuiteRunner.privateRun(SuiteRunner.java:291)
	at org.testng.SuiteRunner.run(SuiteRunner.java:240)
	at org.testng.SuiteRunnerWorker.runSuite(SuiteRunnerWorker.java:52)
	at org.testng.SuiteRunnerWorker.run(SuiteRunnerWorker.java:86)
	at org.testng.TestNG.runSuitesSequentially(TestNG.java:1224)
	at org.testng.TestNG.runSuitesLocally(TestNG.java:1149)
	at org.testng.TestNG.run(TestNG.java:1057)
	at org.testng.remote.RemoteTestNG.run(RemoteTestNG.java:111)
	at org.testng.remote.RemoteTestNG.initAndRun(RemoteTestNG.java:204)
	at org.testng.remote.RemoteTestNG.main(RemoteTestNG.java:175)
]]>
            </full-stacktrace>
          </exception> <!-- java.lang.AssertionError -->
          <reporter-output>
          </reporter-output>
        </test-method> <!-- testExecutePayment -->
        <test-method status="PASS" signature="setup()[pri:0, instance:com.epam.training.PaymentMachine.PaymentMachineTest@6f79caec]" name="setup" is-config="true" duration-ms="0" started-at="2014-05-12T16:59:30Z" finished-at="2014-05-12T16:59:30Z">
          <reporter-output>
          </reporter-output>
        </test-method> <!-- setup -->
        <test-method status="PASS" signature="testGetActualPaymentTicket()[pri:0, instance:com.epam.training.PaymentMachine.PaymentMachineTest@6f79caec]" name="testGetActualPaymentTicket" duration-ms="1" started-at="2014-05-12T16:59:30Z" finished-at="2014-05-12T16:59:30Z">
          <reporter-output>
          </reporter-output>
        </test-method> <!-- testGetActualPaymentTicket -->
        <test-method status="PASS" signature="setup()[pri:0, instance:com.epam.training.PaymentMachine.PaymentMachineTest@6f79caec]" name="setup" is-config="true" duration-ms="0" started-at="2014-05-12T16:59:30Z" finished-at="2014-05-12T16:59:30Z">
          <reporter-output>
          </reporter-output>
        </test-method> <!-- setup -->
        <test-method status="PASS" signature="testHasNoOngoingPayment()[pri:0, instance:com.epam.training.PaymentMachine.PaymentMachineTest@6f79caec]" name="testHasNoOngoingPayment" duration-ms="1" started-at="2014-05-12T16:59:30Z" finished-at="2014-05-12T16:59:30Z">
          <reporter-output>
          </reporter-output>
        </test-method> <!-- testHasNoOngoingPayment -->
        <test-method status="PASS" signature="setup()[pri:0, instance:com.epam.training.PaymentMachine.PaymentMachineTest@6f79caec]" name="setup" is-config="true" duration-ms="0" started-at="2014-05-12T16:59:30Z" finished-at="2014-05-12T16:59:30Z">
          <reporter-output>
          </reporter-output>
        </test-method> <!-- setup -->
        <test-method status="PASS" signature="setup()[pri:0, instance:com.epam.training.PaymentMachine.PaymentMachineTest@6f79caec]" name="setup" is-config="true" duration-ms="4" started-at="2014-05-12T16:59:30Z" finished-at="2014-05-12T16:59:30Z">
          <reporter-output>
          </reporter-output>
        </test-method> <!-- setup -->
        <test-method status="PASS" signature="testHasOngoingPayment()[pri:0, instance:com.epam.training.PaymentMachine.PaymentMachineTest@6f79caec]" name="testHasOngoingPayment" duration-ms="3" started-at="2014-05-12T16:59:30Z" finished-at="2014-05-12T16:59:30Z">
          <reporter-output>
          </reporter-output>
        </test-method> <!-- testHasOngoingPayment -->
        <test-method status="PASS" signature="setup()[pri:0, instance:com.epam.training.PaymentMachine.PaymentMachineTest@6f79caec]" name="setup" is-config="true" duration-ms="1" started-at="2014-05-12T16:59:30Z" finished-at="2014-05-12T16:59:30Z">
          <reporter-output>
          </reporter-output>
        </test-method> <!-- setup -->
        <test-method status="PASS" signature="testInitialStoredAmount()[pri:0, instance:com.epam.training.PaymentMachine.PaymentMachineTest@6f79caec]" name="testInitialStoredAmount" duration-ms="3" started-at="2014-05-12T16:59:30Z" finished-at="2014-05-12T16:59:30Z">
          <reporter-output>
          </reporter-output>
        </test-method> <!-- testInitialStoredAmount -->
        <test-method status="PASS" signature="setup()[pri:0, instance:com.epam.training.PaymentMachine.PaymentMachineTest@6f79caec]" name="setup" is-config="true" duration-ms="2" started-at="2014-05-12T16:59:30Z" finished-at="2014-05-12T16:59:30Z">
          <reporter-output>
          </reporter-output>
        </test-method> <!-- setup -->
        <test-method status="PASS" signature="testInvalidCoinValue()[pri:0, instance:com.epam.training.PaymentMachine.PaymentMachineTest@6f79caec]" name="testInvalidCoinValue" duration-ms="1" started-at="2014-05-12T16:59:30Z" finished-at="2014-05-12T16:59:30Z">
          <exception class="com.epam.training.PaymentMachine.InvalidCoinException">
            <full-stacktrace>
              <![CDATA[com.epam.training.PaymentMachine.InvalidCoinException
	at com.epam.training.PaymentMachine.PaymentMachine.getCoinByValue(PaymentMachine.java:160)
	at com.epam.training.PaymentMachine.PaymentMachineTest.testInvalidCoinValue(PaymentMachineTest.java:81)
	at sun.reflect.NativeMethodAccessorImpl.invoke0(Native Method)
	at sun.reflect.NativeMethodAccessorImpl.invoke(NativeMethodAccessorImpl.java:62)
	at sun.reflect.DelegatingMethodAccessorImpl.invoke(DelegatingMethodAccessorImpl.java:43)
	at java.lang.reflect.Method.invoke(Method.java:483)
	at org.testng.internal.MethodInvocationHelper.invokeMethod(MethodInvocationHelper.java:84)
	at org.testng.internal.Invoker.invokeMethod(Invoker.java:714)
	at org.testng.internal.Invoker.invokeTestMethod(Invoker.java:901)
	at org.testng.internal.Invoker.invokeTestMethods(Invoker.java:1231)
	at org.testng.internal.TestMethodWorker.invokeTestMethods(TestMethodWorker.java:127)
	at org.testng.internal.TestMethodWorker.run(TestMethodWorker.java:111)
	at org.testng.TestRunner.privateRun(TestRunner.java:767)
	at org.testng.TestRunner.run(TestRunner.java:617)
	at org.testng.SuiteRunner.runTest(SuiteRunner.java:334)
	at org.testng.SuiteRunner.runSequentially(SuiteRunner.java:329)
	at org.testng.SuiteRunner.privateRun(SuiteRunner.java:291)
	at org.testng.SuiteRunner.run(SuiteRunner.java:240)
	at org.testng.SuiteRunnerWorker.runSuite(SuiteRunnerWorker.java:52)
	at org.testng.SuiteRunnerWorker.run(SuiteRunnerWorker.java:86)
	at org.testng.TestNG.runSuitesSequentially(TestNG.java:1224)
	at org.testng.TestNG.runSuitesLocally(TestNG.java:1149)
	at org.testng.TestNG.run(TestNG.java:1057)
	at org.testng.remote.RemoteTestNG.run(RemoteTestNG.java:111)
	at org.testng.remote.RemoteTestNG.initAndRun(RemoteTestNG.java:204)
	at org.testng.remote.RemoteTestNG.main(RemoteTestNG.java:175)
]]>
            </full-stacktrace>
          </exception> <!-- com.epam.training.PaymentMachine.InvalidCoinException -->
          <reporter-output>
          </reporter-output>
        </test-method> <!-- testInvalidCoinValue -->
        <test-method status="PASS" signature="setup()[pri:0, instance:com.epam.training.PaymentMachine.PaymentMachineTest@6f79caec]" name="setup" is-config="true" duration-ms="1" started-at="2014-05-12T16:59:30Z" finished-at="2014-05-12T16:59:30Z">
          <reporter-output>
          </reporter-output>
        </test-method> <!-- setup -->
        <test-method status="PASS" signature="testInvalidInitialAmount()[pri:0, instance:com.epam.training.PaymentMachine.PaymentMachineTest@6f79caec]" name="testInvalidInitialAmount" duration-ms="2" started-at="2014-05-12T16:59:30Z" finished-at="2014-05-12T16:59:30Z">
          <exception class="com.epam.training.PaymentMachine.InvalidAmountException">
            <full-stacktrace>
              <![CDATA[com.epam.training.PaymentMachine.InvalidAmountException
	at com.epam.training.PaymentMachine.PaymentMachine.generateInitialMoneyStorage(PaymentMachine.java:300)
	at com.epam.training.PaymentMachine.PaymentMachine.<init>(PaymentMachine.java:21)
	at com.epam.training.PaymentMachine.PaymentMachineTest.testInvalidInitialAmount(PaymentMachineTest.java:23)
	at sun.reflect.NativeMethodAccessorImpl.invoke0(Native Method)
	at sun.reflect.NativeMethodAccessorImpl.invoke(NativeMethodAccessorImpl.java:62)
	at sun.reflect.DelegatingMethodAccessorImpl.invoke(DelegatingMethodAccessorImpl.java:43)
	at java.lang.reflect.Method.invoke(Method.java:483)
	at org.testng.internal.MethodInvocationHelper.invokeMethod(MethodInvocationHelper.java:84)
	at org.testng.internal.Invoker.invokeMethod(Invoker.java:714)
	at org.testng.internal.Invoker.invokeTestMethod(Invoker.java:901)
	at org.testng.internal.Invoker.invokeTestMethods(Invoker.java:1231)
	at org.testng.internal.TestMethodWorker.invokeTestMethods(TestMethodWorker.java:127)
	at org.testng.internal.TestMethodWorker.run(TestMethodWorker.java:111)
	at org.testng.TestRunner.privateRun(TestRunner.java:767)
	at org.testng.TestRunner.run(TestRunner.java:617)
	at org.testng.SuiteRunner.runTest(SuiteRunner.java:334)
	at org.testng.SuiteRunner.runSequentially(SuiteRunner.java:329)
	at org.testng.SuiteRunner.privateRun(SuiteRunner.java:291)
	at org.testng.SuiteRunner.run(SuiteRunner.java:240)
	at org.testng.SuiteRunnerWorker.runSuite(SuiteRunnerWorker.java:52)
	at org.testng.SuiteRunnerWorker.run(SuiteRunnerWorker.java:86)
	at org.testng.TestNG.runSuitesSequentially(TestNG.java:1224)
	at org.testng.TestNG.runSuitesLocally(TestNG.java:1149)
	at org.testng.TestNG.run(TestNG.java:1057)
	at org.testng.remote.RemoteTestNG.run(RemoteTestNG.java:111)
	at org.testng.remote.RemoteTestNG.initAndRun(RemoteTestNG.java:204)
	at org.testng.remote.RemoteTestNG.main(RemoteTestNG.java:175)
]]>
            </full-stacktrace>
          </exception> <!-- com.epam.training.PaymentMachine.InvalidAmountException -->
          <reporter-output>
          </reporter-output>
        </test-method> <!-- testInvalidInitialAmount -->
        <test-method status="PASS" signature="testIsTicketAlreadyExists()[pri:0, instance:com.epam.training.PaymentMachine.PaymentMachineTest@6f79caec]" name="testIsTicketAlreadyExists" duration-ms="1" started-at="2014-05-12T16:59:30Z" finished-at="2014-05-12T16:59:30Z">
          <exception class="com.epam.training.PaymentMachine.TicketAlreadyExistException">
            <full-stacktrace>
              <![CDATA[com.epam.training.PaymentMachine.TicketAlreadyExistException
	at com.epam.training.PaymentMachine.PaymentMachine.startPayment(PaymentMachine.java:73)
	at com.epam.training.PaymentMachine.PaymentMachineTest.testIsTicketAlreadyExists(PaymentMachineTest.java:52)
	at sun.reflect.NativeMethodAccessorImpl.invoke0(Native Method)
	at sun.reflect.NativeMethodAccessorImpl.invoke(NativeMethodAccessorImpl.java:62)
	at sun.reflect.DelegatingMethodAccessorImpl.invoke(DelegatingMethodAccessorImpl.java:43)
	at java.lang.reflect.Method.invoke(Method.java:483)
	at org.testng.internal.MethodInvocationHelper.invokeMethod(MethodInvocationHelper.java:84)
	at org.testng.internal.Invoker.invokeMethod(Invoker.java:714)
	at org.testng.internal.Invoker.invokeTestMethod(Invoker.java:901)
	at org.testng.internal.Invoker.invokeTestMethods(Invoker.java:1231)
	at org.testng.internal.TestMethodWorker.invokeTestMethods(TestMethodWorker.java:127)
	at org.testng.internal.TestMethodWorker.run(TestMethodWorker.java:111)
	at org.testng.TestRunner.privateRun(TestRunner.java:767)
	at org.testng.TestRunner.run(TestRunner.java:617)
	at org.testng.SuiteRunner.runTest(SuiteRunner.java:334)
	at org.testng.SuiteRunner.runSequentially(SuiteRunner.java:329)
	at org.testng.SuiteRunner.privateRun(SuiteRunner.java:291)
	at org.testng.SuiteRunner.run(SuiteRunner.java:240)
	at org.testng.SuiteRunnerWorker.runSuite(SuiteRunnerWorker.java:52)
	at org.testng.SuiteRunnerWorker.run(SuiteRunnerWorker.java:86)
	at org.testng.TestNG.runSuitesSequentially(TestNG.java:1224)
	at org.testng.TestNG.runSuitesLocally(TestNG.java:1149)
	at org.testng.TestNG.run(TestNG.java:1057)
	at org.testng.remote.RemoteTestNG.run(RemoteTestNG.java:111)
	at org.testng.remote.RemoteTestNG.initAndRun(RemoteTestNG.java:204)
	at org.testng.remote.RemoteTestNG.main(RemoteTestNG.java:175)
]]>
            </full-stacktrace>
          </exception> <!-- com.epam.training.PaymentMachine.TicketAlreadyExistException -->
          <reporter-output>
          </reporter-output>
        </test-method> <!-- testIsTicketAlreadyExists -->
        <test-method status="PASS" signature="setup()[pri:0, instance:com.epam.training.PaymentMachine.PaymentMachineTest@6f79caec]" name="setup" is-config="true" duration-ms="0" started-at="2014-05-12T16:59:30Z" finished-at="2014-05-12T16:59:30Z">
          <reporter-output>
          </reporter-output>
        </test-method> <!-- setup -->
        <test-method status="PASS" signature="setup()[pri:0, instance:com.epam.training.PaymentMachine.PaymentMachineTest@6f79caec]" name="setup" is-config="true" duration-ms="0" started-at="2014-05-12T16:59:30Z" finished-at="2014-05-12T16:59:30Z">
          <reporter-output>
          </reporter-output>
        </test-method> <!-- setup -->
        <test-method status="PASS" signature="testMachineHasAvailableCoins()[pri:0, instance:com.epam.training.PaymentMachine.PaymentMachineTest@6f79caec]" name="testMachineHasAvailableCoins" duration-ms="1" started-at="2014-05-12T16:59:30Z" finished-at="2014-05-12T16:59:30Z">
          <reporter-output>
          </reporter-output>
        </test-method> <!-- testMachineHasAvailableCoins -->
        <test-method status="PASS" signature="setup()[pri:0, instance:com.epam.training.PaymentMachine.PaymentMachineTest@6f79caec]" name="setup" is-config="true" duration-ms="0" started-at="2014-05-12T16:59:30Z" finished-at="2014-05-12T16:59:30Z">
          <reporter-output>
          </reporter-output>
        </test-method> <!-- setup -->
        <test-method status="PASS" signature="testStartPayment()[pri:0, instance:com.epam.training.PaymentMachine.PaymentMachineTest@6f79caec]" name="testStartPayment" duration-ms="1" started-at="2014-05-12T16:59:30Z" finished-at="2014-05-12T16:59:30Z">
          <reporter-output>
          </reporter-output>
        </test-method> <!-- testStartPayment -->
        <test-method status="PASS" signature="setup()[pri:0, instance:com.epam.training.PaymentMachine.PaymentMachineTest@6f79caec]" name="setup" is-config="true" duration-ms="1" started-at="2014-05-12T16:59:30Z" finished-at="2014-05-12T16:59:30Z">
          <reporter-output>
          </reporter-output>
        </test-method> <!-- setup -->
        <test-method status="PASS" signature="testValidCoinValue()[pri:0, instance:com.epam.training.PaymentMachine.PaymentMachineTest@6f79caec]" name="testValidCoinValue" duration-ms="1" started-at="2014-05-12T16:59:30Z" finished-at="2014-05-12T16:59:30Z">
          <reporter-output>
          </reporter-output>
        </test-method> <!-- testValidCoinValue -->
      </class> <!-- com.epam.training.PaymentMachine.PaymentMachineTest -->
    </test> <!-- Default test -->
  </suite> <!-- Default suite -->
</testng-results>
